<html>
<head>
<title>TestNG:  Default test</title>
<link href="../testng.css" rel="stylesheet" type="text/css" />
<link href="../my-testng.css" rel="stylesheet" type="text/css" />

<style type="text/css">
.log { display: none;} 
.stack-trace { display: none;} 
</style>
<script type="text/javascript">
<!--
function flip(e) {
  current = e.style.display;
  if (current == 'block') {
    e.style.display = 'none';
    return 0;
  }
  else {
    e.style.display = 'block';
    return 1;
  }
}

function toggleBox(szDivId, elem, msg1, msg2)
{
  var res = -1;  if (document.getElementById) {
    res = flip(document.getElementById(szDivId));
  }
  else if (document.all) {
    // this is the way old msie versions work
    res = flip(document.all[szDivId]);
  }
  if(elem) {
    if(res == 0) elem.innerHTML = msg1; else elem.innerHTML = msg2;
  }

}

function toggleAllBoxes() {
  if (document.getElementsByTagName) {
    d = document.getElementsByTagName('div');
    for (i = 0; i < d.length; i++) {
      if (d[i].className == 'log') {
        flip(d[i]);
      }
    }
  }
}

// -->
</script>

</head>
<body>
<h2 align='center'>Default test</h2><table border='1' align="center">
<tr>
<td>Tests passed/Failed/Skipped:</td><td>0/0/1</td>
</tr><tr>
<td>Started on:</td><td>Tue Jan 10 09:58:43 IST 2017</td>
</tr>
<tr><td>Total time:</td><td>52 seconds (52676 ms)</td>
</tr><tr>
<td>Included groups:</td><td></td>
</tr><tr>
<td>Excluded groups:</td><td></td>
</tr>
</table><p/>
<small><i>(Hover the method name to see the test class name)</i></small><p/>
<table width='100%' border='1' class='invocation-failed'>
<tr><td colspan='4' align='center'><b>FAILED CONFIGURATIONS</b></td></tr>
<tr><td><b>Test method</b></td>
<td width="30%"><b>Exception</b></td>
<td width="10%"><b>Time (seconds)</b></td>
<td><b>Instance</b></td>
</tr>
<tr>
<td title='FrameworkTestCases.TC002.beforeMethod()'><b>beforeMethod</b><br>Test class: FrameworkTestCases.TC002</td>
<td><div><pre>org.openqa.selenium.WebDriverException: Failed to connect to binary FirefoxBinary(C:\Program Files (x86)\Mozilla Firefox\firefox.exe) on port 7055; process output follows: 
64URL&quot;:null,&quot;defaultLocale&quot;:{&quot;name&quot;:&quot;McAfee ScriptScan for Firefox&quot;,&quot;description&quot;:null,&quot;creator&quot;:&quot;McAfee, Inc.&quot;,&quot;homepageURL&quot;:null},&quot;visible&quot;:true,&quot;active&quot;:false,&quot;userDisabled&quot;:true,&quot;appDisabled&quot;:true,&quot;descriptor&quot;:&quot;C:\\Program Files (x86)\\Common Files\\McAfee\\SystemCore&quot;,&quot;installDate&quot;:1477624450519,&quot;updateDate&quot;:1477624450519,&quot;applyBackgroundUpdates&quot;:1,&quot;bootstrap&quot;:false,&quot;skinnable&quot;:false,&quot;size&quot;:3915176,&quot;sourceURI&quot;:null,&quot;releaseNotesURI&quot;:null,&quot;softDisabled&quot;:false,&quot;foreignInstall&quot;:true,&quot;hasBinaryComponents&quot;:false,&quot;strictCompatibility&quot;:false,&quot;locales&quot;:[],&quot;targetApplications&quot;:[{&quot;id&quot;:&quot;{ec8030f7-c20a-464f-9b0e-13a3a9e97384}&quot;,&quot;minVersion&quot;:&quot;1.5&quot;,&quot;maxVersion&quot;:&quot;9.9&quot;}],&quot;targetPlatforms&quot;:[],&quot;multiprocessCompatible&quot;:false,&quot;signedState&quot;:0,&quot;seen&quot;:true}
1484022539698	DeferredSave.extensions.json	DEBUG	Save changes
1484022539700	addons.xpi	DEBUG	Updating database with changes to installed add-ons
1484022539701	addons.xpi-utils	DEBUG	Updating add-on states
1484022539709	addons.xpi-utils	DEBUG	Writing add-ons list
1484022539723	addons.xpi	DEBUG	Registering manifest for C:\Program Files (x86)\Mozilla Firefox\browser\features\aushelper@mozilla.org.xpi
1484022539725	addons.xpi	DEBUG	Calling bootstrap method startup on aushelper@mozilla.org version 1.0
1484022539730	addons.xpi	DEBUG	Registering manifest for C:\Program Files (x86)\Mozilla Firefox\browser\features\e10srollout@mozilla.org.xpi
1484022539732	addons.xpi	DEBUG	Calling bootstrap method startup on e10srollout@mozilla.org version 1.5
1484022539734	addons.xpi	DEBUG	Registering manifest for C:\Program Files (x86)\Mozilla Firefox\browser\features\firefox@getpocket.com.xpi
1484022539737	addons.xpi	DEBUG	Calling bootstrap method startup on firefox@getpocket.com version 1.0.5
1484022539740	addons.xpi	DEBUG	Registering manifest for C:\Program Files (x86)\Mozilla Firefox\browser\features\webcompat@mozilla.org.xpi
1484022539743	addons.xpi	DEBUG	Calling bootstrap method startup on webcompat@mozilla.org version 1.0
1484022539751	addons.manager	DEBUG	Registering shutdown blocker for XPIProvider
1484022539765	addons.manager	DEBUG	Provider finished startup: XPIProvider
1484022539770	addons.manager	DEBUG	Starting provider: LightweightThemeManager
1484022539771	addons.manager	DEBUG	Registering shutdown blocker for LightweightThemeManager
1484022539772	addons.manager	DEBUG	Provider finished startup: LightweightThemeManager
1484022539773	addons.manager	DEBUG	Starting provider: GMPProvider
1484022539809	addons.manager	DEBUG	Registering shutdown blocker for GMPProvider
1484022539809	addons.manager	DEBUG	Provider finished startup: GMPProvider
1484022539810	addons.manager	DEBUG	Starting provider: PluginProvider
1484022539810	addons.manager	DEBUG	Registering shutdown blocker for PluginProvider
1484022539811	addons.manager	DEBUG	Provider finished startup: PluginProvider
1484022539812	addons.manager	DEBUG	Completed startup sequence
1484022542437	addons.manager	DEBUG	Starting provider: &lt;unnamed-provider&gt;
1484022542437	addons.manager	DEBUG	Registering shutdown blocker for &lt;unnamed-provider&gt;
1484022542438	addons.manager	DEBUG	Provider finished startup: &lt;unnamed-provider&gt;
1484022543150	DeferredSave.extensions.json	DEBUG	Write succeeded
1484022543150	addons.xpi-utils	DEBUG	XPI Database saved, setting schema version preference to 17
1484022543151	DeferredSave.extensions.json	DEBUG	Starting timer
1484022543175	DeferredSave.extensions.json	DEBUG	Starting write
1484022543239	addons.repository	DEBUG	No addons.json found.
1484022543241	DeferredSave.addons.json	DEBUG	Save changes
1484022543263	DeferredSave.addons.json	DEBUG	Starting timer
1484022546482	addons.manager	DEBUG	Starting provider: PreviousExperimentProvider
1484022546483	addons.manager	DEBUG	Registering shutdown blocker for PreviousExperimentProvider
1484022546483	addons.manager	DEBUG	Provider finished startup: PreviousExperimentProvider
1484022546490	DeferredSave.addons.json	DEBUG	Starting write
1484022546596	DeferredSave.extensions.json	DEBUG	Write succeeded
1484022547206	DeferredSave.addons.json	DEBUG	Write succeeded

Build info: version: &apos;2.53.0&apos;, revision: &apos;35ae25b1534ae328c771e0856c93e187490ca824&apos;, time: &apos;2016-03-15 10:43:46&apos;
System info: host: &apos;INHYIZLP06494&apos;, ip: &apos;192.168.99.1&apos;, os.name: &apos;Windows 7&apos;, os.arch: &apos;amd64&apos;, os.version: &apos;6.1&apos;, java.version: &apos;1.8.0_92&apos;
Driver info: driver.version: FirefoxDriver
	at org.openqa.selenium.firefox.internal.NewProfileExtensionConnection.start(NewProfileExtensionConnection.java:125)
	at org.openqa.selenium.firefox.FirefoxDriver.startClient(FirefoxDriver.java:271)
	at org.openqa.selenium.remote.RemoteWebDriver.&lt;init&gt;(RemoteWebDriver.java:119)
	at org.openqa.selenium.firefox.FirefoxDriver.&lt;init&gt;(FirefoxDriver.java:216)
	at org.openqa.selenium.firefox.FirefoxDriver.&lt;init&gt;(FirefoxDriver.java:211)
	at org.openqa.selenium.firefox.FirefoxDriver.&lt;init&gt;(FirefoxDriver.java:207)
	at org.openqa.selenium.firefox.FirefoxDriver.&lt;init&gt;(FirefoxDriver.java:120)
	at FrameworkBase.BaseClassFramework.beforeMethod(BaseClassFramework.java:52)
	at sun.reflect.NativeMethodAccessorImpl.invoke0(Native Method)
	at sun.reflect.NativeMethodAccessorImpl.invoke(NativeMethodAccessorImpl.java:62)
	at sun.reflect.DelegatingMethodAccessorImpl.invoke(DelegatingMethodAccessorImpl.java:43)
	at java.lang.reflect.Method.invoke(Method.java:498)
	at org.testng.internal.MethodInvocationHelper.invokeMethod(MethodInvocationHelper.java:85)
	at org.testng.internal.Invoker.invokeConfigurationMethod(Invoker.java:510)
	at org.testng.internal.Invoker.invokeConfigurations(Invoker.java:211)
	at org.testng.internal.Invoker.invokeMethod(Invoker.java:585)
	at org.testng.internal.Invoker.invokeTestMethod(Invoker.java:816)
	at org.testng.internal.Invoker.invokeTestMethods(Invoker.java:1124)
	at org.testng.internal.TestMethodWorker.invokeTestMethods(TestMethodWorker.java:124)
	at org.testng.internal.TestMethodWorker.run(TestMethodWorker.java:108)
	at org.testng.TestRunner.privateRun(TestRunner.java:773)
	at org.testng.TestRunner.run(TestRunner.java:623)
	at org.testng.SuiteRunner.runTest(SuiteRunner.java:359)
	at org.testng.SuiteRunner.runSequentially(SuiteRunner.java:354)
	at org.testng.SuiteRunner.privateRun(SuiteRunner.java:312)
	at org.testng.SuiteRunner.run(SuiteRunner.java:261)
	at org.testng.SuiteRunnerWorker.runSuite(SuiteRunnerWorker.java:52)
	at org.testng.SuiteRunnerWorker.run(SuiteRunnerWorker.java:86)
	at org.testng.TestNG.runSuitesSequentially(TestNG.java:1185)
	at org.testng.TestNG.runSuitesLocally(TestNG.java:1110)
	at org.testng.TestNG.run(TestNG.java:1018)
	at org.testng.remote.RemoteTestNG.run(RemoteTestNG.java:112)
	at org.testng.remote.RemoteTestNG.initAndRun(RemoteTestNG.java:205)
	at org.testng.remote.RemoteTestNG.main(RemoteTestNG.java:176)
Caused by: org.openqa.selenium.firefox.NotConnectedException: Unable to connect to host 127.0.0.1 on port 7055 after 45000 ms. Firefox console output:
64URL&quot;:null,&quot;defaultLocale&quot;:{&quot;name&quot;:&quot;McAfee ScriptScan for Firefox&quot;,&quot;description&quot;:null,&quot;creator&quot;:&quot;McAfee, Inc.&quot;,&quot;homepageURL&quot;:null},&quot;visible&quot;:true,&quot;active&quot;:false,&quot;userDisabled&quot;:true,&quot;appDisabled&quot;:true,&quot;descriptor&quot;:&quot;C:\\Program Files (x86)\\Common Files\\McAfee\\SystemCore&quot;,&quot;installDate&quot;:1477624450519,&quot;updateDate&quot;:1477624450519,&quot;applyBackgroundUpdates&quot;:1,&quot;bootstrap&quot;:false,&quot;skinnable&quot;:false,&quot;size&quot;:3915176,&quot;sourceURI&quot;:null,&quot;releaseNotesURI&quot;:null,&quot;softDisabled&quot;:false,&quot;foreignInstall&quot;:true,&quot;hasBinaryComponents&quot;:false,&quot;strictCompatibility&quot;:false,&quot;locales&quot;:[],&quot;targetApplications&quot;:[{&quot;id&quot;:&quot;{ec8030f7-c20a-464f-9b0e-13a3a9e97384}&quot;,&quot;minVersion&quot;:&quot;1.5&quot;,&quot;maxVersion&quot;:&quot;9.9&quot;}],&quot;targetPlatforms&quot;:[],&quot;multiprocessCompatible&quot;:false,&quot;signedState&quot;:0,&quot;seen&quot;:true}
1484022539698	DeferredSave.extensions.json	DEBUG	Save changes
1484022539700	addons.xpi	DEBUG	Updating database with changes to installed add-ons
1484022539701	addons.xpi-utils	DEBUG	Updating add-on states
1484022539709	addons.xpi-utils	DEBUG	Writing add-ons list
1484022539723	addons.xpi	DEBUG	Registering manifest for C:\Program Files (x86)\Mozilla Firefox\browser\features\aushelper@mozilla.org.xpi
1484022539725	addons.xpi	DEBUG	Calling bootstrap method startup on aushelper@mozilla.org version 1.0
1484022539730	addons.xpi	DEBUG	Registering manifest for C:\Program Files (x86)\Mozilla Firefox\browser\features\e10srollout@mozilla.org.xpi
1484022539732	addons.xpi	DEBUG	Calling bootstrap method startup on e10srollout@mozilla.org version 1.5
1484022539734	addons.xpi	DEBUG	Registering manifest for C:\Program Files (x86)\Mozilla Firefox\browser\features\firefox@getpocket.com.xpi
1484022539737	addons.xpi	DEBUG	Calling bootstrap method startup on firefox@getpocket.com version 1.0.5
1484022539740	addons.xpi	DEBUG	Registering manifest for C:\Program Files (x86)\Mozilla Firefox\browser\features\webcompat@mozilla.org.xpi
1484022539743	addons.xpi	DEBUG	Calling bootstrap method startup on webcompat@mozilla.org version 1.0
1484022539751	addons.manager	DEBUG	Registering shutdown blocker for XPIProvider
1484022539765	addons.manager	DEBUG	Provider finished startup: XPIProvider
1484022539770	addons.manager	DEBUG	Starting provider: LightweightThemeManager
1484022539771	addons.manager	DEBUG	Registering shutdown blocker for LightweightThemeManager
1484022539772	addons.manager	DEBUG	Provider finished startup: LightweightThemeManager
1484022539773	addons.manager	DEBUG	Starting provider: GMPProvider
1484022539809	addons.manager	DEBUG	Registering shutdown blocker for GMPProvider
1484022539809	addons.manager	DEBUG	Provider finished startup: GMPProvider
1484022539810	addons.manager	DEBUG	Starting provider: PluginProvider
1484022539810	addons.manager	DEBUG	Registering shutdown blocker for PluginProvider
1484022539811	addons.manager	DEBUG	Provider finished startup: PluginProvider
1484022539812	addons.manager	DEBUG	Completed startup sequence
1484022542437	addons.manager	DEBUG	Starting provider: &lt;unnamed-provider&gt;
1484022542437	addons.manager	DEBUG	Registering shutdown blocker for &lt;unnamed-provider&gt;
1484022542438	addons.manager	DEBUG	Provider finished startup: &lt;unnamed-provider&gt;
1484022543150	DeferredSave.extensions.json	DEBUG	Write succeeded
1484022543150	addons.xpi-utils	DEBUG	XPI Database saved, setting schema version preference to 17
1484022543151	DeferredSave.extensions.json	DEBUG	Starting timer
1484022543175	DeferredSave.extensions.json	DEBUG	Starting write
1484022543239	addons.repository	DEBUG	No addons.json found.
1484022543241	DeferredSave.addons.json	DEBUG	Save changes
1484022543263	DeferredSave.addons.json	DEBUG	Starting timer
1484022546482	addons.manager	DEBUG	Starting provider: PreviousExperimentProvider
1484022546483	addons.manager	DEBUG	Registering shutdown blocker for PreviousExperimentProvider
1484022546483	addons.manager	DEBUG	Provider finished startup: PreviousExperimentProvider
1484022546490	DeferredSave.addons.json	DEBUG	Starting write
1484022546596	DeferredSave.extensions.json	DEBUG	Write succeeded
1484022547206	DeferredSave.addons.json	DEBUG	Write succeeded

	at org.openqa.selenium.firefox.internal.NewProfileExtensionConnection.start(NewProfileExtensionConnection.java:113)
	... 33 more
</pre></div><a href='#' onClick='toggleBox("stack-trace1148254374", this, "Click to show all stack frames", "Click to hide stack frames")'>Click to show all stack frames</a>
<div class='stack-trace' id='stack-trace1148254374'><pre>org.openqa.selenium.WebDriverException: Failed to connect to binary FirefoxBinary(C:\Program Files (x86)\Mozilla Firefox\firefox.exe) on port 7055; process output follows: 
64URL&quot;:null,&quot;defaultLocale&quot;:{&quot;name&quot;:&quot;McAfee ScriptScan for Firefox&quot;,&quot;description&quot;:null,&quot;creator&quot;:&quot;McAfee, Inc.&quot;,&quot;homepageURL&quot;:null},&quot;visible&quot;:true,&quot;active&quot;:false,&quot;userDisabled&quot;:true,&quot;appDisabled&quot;:true,&quot;descriptor&quot;:&quot;C:\\Program Files (x86)\\Common Files\\McAfee\\SystemCore&quot;,&quot;installDate&quot;:1477624450519,&quot;updateDate&quot;:1477624450519,&quot;applyBackgroundUpdates&quot;:1,&quot;bootstrap&quot;:false,&quot;skinnable&quot;:false,&quot;size&quot;:3915176,&quot;sourceURI&quot;:null,&quot;releaseNotesURI&quot;:null,&quot;softDisabled&quot;:false,&quot;foreignInstall&quot;:true,&quot;hasBinaryComponents&quot;:false,&quot;strictCompatibility&quot;:false,&quot;locales&quot;:[],&quot;targetApplications&quot;:[{&quot;id&quot;:&quot;{ec8030f7-c20a-464f-9b0e-13a3a9e97384}&quot;,&quot;minVersion&quot;:&quot;1.5&quot;,&quot;maxVersion&quot;:&quot;9.9&quot;}],&quot;targetPlatforms&quot;:[],&quot;multiprocessCompatible&quot;:false,&quot;signedState&quot;:0,&quot;seen&quot;:true}
1484022539698	DeferredSave.extensions.json	DEBUG	Save changes
1484022539700	addons.xpi	DEBUG	Updating database with changes to installed add-ons
1484022539701	addons.xpi-utils	DEBUG	Updating add-on states
1484022539709	addons.xpi-utils	DEBUG	Writing add-ons list
1484022539723	addons.xpi	DEBUG	Registering manifest for C:\Program Files (x86)\Mozilla Firefox\browser\features\aushelper@mozilla.org.xpi
1484022539725	addons.xpi	DEBUG	Calling bootstrap method startup on aushelper@mozilla.org version 1.0
1484022539730	addons.xpi	DEBUG	Registering manifest for C:\Program Files (x86)\Mozilla Firefox\browser\features\e10srollout@mozilla.org.xpi
1484022539732	addons.xpi	DEBUG	Calling bootstrap method startup on e10srollout@mozilla.org version 1.5
1484022539734	addons.xpi	DEBUG	Registering manifest for C:\Program Files (x86)\Mozilla Firefox\browser\features\firefox@getpocket.com.xpi
1484022539737	addons.xpi	DEBUG	Calling bootstrap method startup on firefox@getpocket.com version 1.0.5
1484022539740	addons.xpi	DEBUG	Registering manifest for C:\Program Files (x86)\Mozilla Firefox\browser\features\webcompat@mozilla.org.xpi
1484022539743	addons.xpi	DEBUG	Calling bootstrap method startup on webcompat@mozilla.org version 1.0
1484022539751	addons.manager	DEBUG	Registering shutdown blocker for XPIProvider
1484022539765	addons.manager	DEBUG	Provider finished startup: XPIProvider
1484022539770	addons.manager	DEBUG	Starting provider: LightweightThemeManager
1484022539771	addons.manager	DEBUG	Registering shutdown blocker for LightweightThemeManager
1484022539772	addons.manager	DEBUG	Provider finished startup: LightweightThemeManager
1484022539773	addons.manager	DEBUG	Starting provider: GMPProvider
1484022539809	addons.manager	DEBUG	Registering shutdown blocker for GMPProvider
1484022539809	addons.manager	DEBUG	Provider finished startup: GMPProvider
1484022539810	addons.manager	DEBUG	Starting provider: PluginProvider
1484022539810	addons.manager	DEBUG	Registering shutdown blocker for PluginProvider
1484022539811	addons.manager	DEBUG	Provider finished startup: PluginProvider
1484022539812	addons.manager	DEBUG	Completed startup sequence
1484022542437	addons.manager	DEBUG	Starting provider: &lt;unnamed-provider&gt;
1484022542437	addons.manager	DEBUG	Registering shutdown blocker for &lt;unnamed-provider&gt;
1484022542438	addons.manager	DEBUG	Provider finished startup: &lt;unnamed-provider&gt;
1484022543150	DeferredSave.extensions.json	DEBUG	Write succeeded
1484022543150	addons.xpi-utils	DEBUG	XPI Database saved, setting schema version preference to 17
1484022543151	DeferredSave.extensions.json	DEBUG	Starting timer
1484022543175	DeferredSave.extensions.json	DEBUG	Starting write
1484022543239	addons.repository	DEBUG	No addons.json found.
1484022543241	DeferredSave.addons.json	DEBUG	Save changes
1484022543263	DeferredSave.addons.json	DEBUG	Starting timer
1484022546482	addons.manager	DEBUG	Starting provider: PreviousExperimentProvider
1484022546483	addons.manager	DEBUG	Registering shutdown blocker for PreviousExperimentProvider
1484022546483	addons.manager	DEBUG	Provider finished startup: PreviousExperimentProvider
1484022546490	DeferredSave.addons.json	DEBUG	Starting write
1484022546596	DeferredSave.extensions.json	DEBUG	Write succeeded
1484022547206	DeferredSave.addons.json	DEBUG	Write succeeded

Build info: version: &apos;2.53.0&apos;, revision: &apos;35ae25b1534ae328c771e0856c93e187490ca824&apos;, time: &apos;2016-03-15 10:43:46&apos;
System info: host: &apos;INHYIZLP06494&apos;, ip: &apos;192.168.99.1&apos;, os.name: &apos;Windows 7&apos;, os.arch: &apos;amd64&apos;, os.version: &apos;6.1&apos;, java.version: &apos;1.8.0_92&apos;
Driver info: driver.version: FirefoxDriver
	at org.openqa.selenium.firefox.internal.NewProfileExtensionConnection.start(NewProfileExtensionConnection.java:125)
	at org.openqa.selenium.firefox.FirefoxDriver.startClient(FirefoxDriver.java:271)
	at org.openqa.selenium.remote.RemoteWebDriver.&lt;init&gt;(RemoteWebDriver.java:119)
	at org.openqa.selenium.firefox.FirefoxDriver.&lt;init&gt;(FirefoxDriver.java:216)
	at org.openqa.selenium.firefox.FirefoxDriver.&lt;init&gt;(FirefoxDriver.java:211)
	at org.openqa.selenium.firefox.FirefoxDriver.&lt;init&gt;(FirefoxDriver.java:207)
	at org.openqa.selenium.firefox.FirefoxDriver.&lt;init&gt;(FirefoxDriver.java:120)
	at FrameworkBase.BaseClassFramework.beforeMethod(BaseClassFramework.java:52)
	at sun.reflect.NativeMethodAccessorImpl.invoke0(Native Method)
	at sun.reflect.NativeMethodAccessorImpl.invoke(NativeMethodAccessorImpl.java:62)
	at sun.reflect.DelegatingMethodAccessorImpl.invoke(DelegatingMethodAccessorImpl.java:43)
	at java.lang.reflect.Method.invoke(Method.java:498)
	at org.testng.internal.MethodInvocationHelper.invokeMethod(MethodInvocationHelper.java:85)
	at org.testng.internal.Invoker.invokeConfigurationMethod(Invoker.java:510)
	at org.testng.internal.Invoker.invokeConfigurations(Invoker.java:211)
	at org.testng.internal.Invoker.invokeMethod(Invoker.java:585)
	at org.testng.internal.Invoker.invokeTestMethod(Invoker.java:816)
	at org.testng.internal.Invoker.invokeTestMethods(Invoker.java:1124)
	at org.testng.internal.TestMethodWorker.invokeTestMethods(TestMethodWorker.java:124)
	at org.testng.internal.TestMethodWorker.run(TestMethodWorker.java:108)
	at org.testng.TestRunner.privateRun(TestRunner.java:773)
	at org.testng.TestRunner.run(TestRunner.java:623)
	at org.testng.SuiteRunner.runTest(SuiteRunner.java:359)
	at org.testng.SuiteRunner.runSequentially(SuiteRunner.java:354)
	at org.testng.SuiteRunner.privateRun(SuiteRunner.java:312)
	at org.testng.SuiteRunner.run(SuiteRunner.java:261)
	at org.testng.SuiteRunnerWorker.runSuite(SuiteRunnerWorker.java:52)
	at org.testng.SuiteRunnerWorker.run(SuiteRunnerWorker.java:86)
	at org.testng.TestNG.runSuitesSequentially(TestNG.java:1185)
	at org.testng.TestNG.runSuitesLocally(TestNG.java:1110)
	at org.testng.TestNG.run(TestNG.java:1018)
	at org.testng.remote.RemoteTestNG.run(RemoteTestNG.java:112)
	at org.testng.remote.RemoteTestNG.initAndRun(RemoteTestNG.java:205)
	at org.testng.remote.RemoteTestNG.main(RemoteTestNG.java:176)
Caused by: org.openqa.selenium.firefox.NotConnectedException: Unable to connect to host 127.0.0.1 on port 7055 after 45000 ms. Firefox console output:
64URL&quot;:null,&quot;defaultLocale&quot;:{&quot;name&quot;:&quot;McAfee ScriptScan for Firefox&quot;,&quot;description&quot;:null,&quot;creator&quot;:&quot;McAfee, Inc.&quot;,&quot;homepageURL&quot;:null},&quot;visible&quot;:true,&quot;active&quot;:false,&quot;userDisabled&quot;:true,&quot;appDisabled&quot;:true,&quot;descriptor&quot;:&quot;C:\\Program Files (x86)\\Common Files\\McAfee\\SystemCore&quot;,&quot;installDate&quot;:1477624450519,&quot;updateDate&quot;:1477624450519,&quot;applyBackgroundUpdates&quot;:1,&quot;bootstrap&quot;:false,&quot;skinnable&quot;:false,&quot;size&quot;:3915176,&quot;sourceURI&quot;:null,&quot;releaseNotesURI&quot;:null,&quot;softDisabled&quot;:false,&quot;foreignInstall&quot;:true,&quot;hasBinaryComponents&quot;:false,&quot;strictCompatibility&quot;:false,&quot;locales&quot;:[],&quot;targetApplications&quot;:[{&quot;id&quot;:&quot;{ec8030f7-c20a-464f-9b0e-13a3a9e97384}&quot;,&quot;minVersion&quot;:&quot;1.5&quot;,&quot;maxVersion&quot;:&quot;9.9&quot;}],&quot;targetPlatforms&quot;:[],&quot;multiprocessCompatible&quot;:false,&quot;signedState&quot;:0,&quot;seen&quot;:true}
1484022539698	DeferredSave.extensions.json	DEBUG	Save changes
1484022539700	addons.xpi	DEBUG	Updating database with changes to installed add-ons
1484022539701	addons.xpi-utils	DEBUG	Updating add-on states
1484022539709	addons.xpi-utils	DEBUG	Writing add-ons list
1484022539723	addons.xpi	DEBUG	Registering manifest for C:\Program Files (x86)\Mozilla Firefox\browser\features\aushelper@mozilla.org.xpi
1484022539725	addons.xpi	DEBUG	Calling bootstrap method startup on aushelper@mozilla.org version 1.0
1484022539730	addons.xpi	DEBUG	Registering manifest for C:\Program Files (x86)\Mozilla Firefox\browser\features\e10srollout@mozilla.org.xpi
1484022539732	addons.xpi	DEBUG	Calling bootstrap method startup on e10srollout@mozilla.org version 1.5
1484022539734	addons.xpi	DEBUG	Registering manifest for C:\Program Files (x86)\Mozilla Firefox\browser\features\firefox@getpocket.com.xpi
1484022539737	addons.xpi	DEBUG	Calling bootstrap method startup on firefox@getpocket.com version 1.0.5
1484022539740	addons.xpi	DEBUG	Registering manifest for C:\Program Files (x86)\Mozilla Firefox\browser\features\webcompat@mozilla.org.xpi
1484022539743	addons.xpi	DEBUG	Calling bootstrap method startup on webcompat@mozilla.org version 1.0
1484022539751	addons.manager	DEBUG	Registering shutdown blocker for XPIProvider
1484022539765	addons.manager	DEBUG	Provider finished startup: XPIProvider
1484022539770	addons.manager	DEBUG	Starting provider: LightweightThemeManager
1484022539771	addons.manager	DEBUG	Registering shutdown blocker for LightweightThemeManager
1484022539772	addons.manager	DEBUG	Provider finished startup: LightweightThemeManager
1484022539773	addons.manager	DEBUG	Starting provider: GMPProvider
1484022539809	addons.manager	DEBUG	Registering shutdown blocker for GMPProvider
1484022539809	addons.manager	DEBUG	Provider finished startup: GMPProvider
1484022539810	addons.manager	DEBUG	Starting provider: PluginProvider
1484022539810	addons.manager	DEBUG	Registering shutdown blocker for PluginProvider
1484022539811	addons.manager	DEBUG	Provider finished startup: PluginProvider
1484022539812	addons.manager	DEBUG	Completed startup sequence
1484022542437	addons.manager	DEBUG	Starting provider: &lt;unnamed-provider&gt;
1484022542437	addons.manager	DEBUG	Registering shutdown blocker for &lt;unnamed-provider&gt;
1484022542438	addons.manager	DEBUG	Provider finished startup: &lt;unnamed-provider&gt;
1484022543150	DeferredSave.extensions.json	DEBUG	Write succeeded
1484022543150	addons.xpi-utils	DEBUG	XPI Database saved, setting schema version preference to 17
1484022543151	DeferredSave.extensions.json	DEBUG	Starting timer
1484022543175	DeferredSave.extensions.json	DEBUG	Starting write
1484022543239	addons.repository	DEBUG	No addons.json found.
1484022543241	DeferredSave.addons.json	DEBUG	Save changes
1484022543263	DeferredSave.addons.json	DEBUG	Starting timer
1484022546482	addons.manager	DEBUG	Starting provider: PreviousExperimentProvider
1484022546483	addons.manager	DEBUG	Registering shutdown blocker for PreviousExperimentProvider
1484022546483	addons.manager	DEBUG	Provider finished startup: PreviousExperimentProvider
1484022546490	DeferredSave.addons.json	DEBUG	Starting write
1484022546596	DeferredSave.extensions.json	DEBUG	Write succeeded
1484022547206	DeferredSave.addons.json	DEBUG	Write succeeded

	at org.openqa.selenium.firefox.internal.NewProfileExtensionConnection.start(NewProfileExtensionConnection.java:113)
	... 33 more
</pre></div></td>
<td>0</td>
<td>FrameworkTestCases.TC002@7d417077</td></tr>
<tr>
<td title='FrameworkTestCases.TC002.afterMethod()'><b>afterMethod</b><br>Test class: FrameworkTestCases.TC002</td>
<td><div><pre>java.lang.NullPointerException
	at FrameworkBase.BaseClassFramework.afterMethod(BaseClassFramework.java:72)
	at sun.reflect.NativeMethodAccessorImpl.invoke0(Native Method)
	at sun.reflect.NativeMethodAccessorImpl.invoke(NativeMethodAccessorImpl.java:62)
	at sun.reflect.DelegatingMethodAccessorImpl.invoke(DelegatingMethodAccessorImpl.java:43)
	at java.lang.reflect.Method.invoke(Method.java:498)
	at org.testng.internal.MethodInvocationHelper.invokeMethod(MethodInvocationHelper.java:85)
	at org.testng.internal.Invoker.invokeConfigurationMethod(Invoker.java:510)
	at org.testng.internal.Invoker.invokeConfigurations(Invoker.java:211)
	at org.testng.internal.Invoker.invokeMethod(Invoker.java:703)
	at org.testng.internal.Invoker.invokeTestMethod(Invoker.java:816)
	at org.testng.internal.Invoker.invokeTestMethods(Invoker.java:1124)
	at org.testng.internal.TestMethodWorker.invokeTestMethods(TestMethodWorker.java:124)
	at org.testng.internal.TestMethodWorker.run(TestMethodWorker.java:108)
	at org.testng.TestRunner.privateRun(TestRunner.java:773)
	at org.testng.TestRunner.run(TestRunner.java:623)
	at org.testng.SuiteRunner.runTest(SuiteRunner.java:359)
	at org.testng.SuiteRunner.runSequentially(SuiteRunner.java:354)
	at org.testng.SuiteRunner.privateRun(SuiteRunner.java:312)
	at org.testng.SuiteRunner.run(SuiteRunner.java:261)
	at org.testng.SuiteRunnerWorker.runSuite(SuiteRunnerWorker.java:52)
	at org.testng.SuiteRunnerWorker.run(SuiteRunnerWorker.java:86)
	at org.testng.TestNG.runSuitesSequentially(TestNG.java:1185)
	at org.testng.TestNG.runSuitesLocally(TestNG.java:1110)
	at org.testng.TestNG.run(TestNG.java:1018)
	at org.testng.remote.RemoteTestNG.run(RemoteTestNG.java:112)
	at org.testng.remote.RemoteTestNG.initAndRun(RemoteTestNG.java:205)
	at org.testng.remote.RemoteTestNG.main(RemoteTestNG.java:176)
</pre></div><a href='#' onClick='toggleBox("stack-trace917831210", this, "Click to show all stack frames", "Click to hide stack frames")'>Click to show all stack frames</a>
<div class='stack-trace' id='stack-trace917831210'><pre>java.lang.NullPointerException
	at FrameworkBase.BaseClassFramework.afterMethod(BaseClassFramework.java:72)
	at sun.reflect.NativeMethodAccessorImpl.invoke0(Native Method)
	at sun.reflect.NativeMethodAccessorImpl.invoke(NativeMethodAccessorImpl.java:62)
	at sun.reflect.DelegatingMethodAccessorImpl.invoke(DelegatingMethodAccessorImpl.java:43)
	at java.lang.reflect.Method.invoke(Method.java:498)
	at org.testng.internal.MethodInvocationHelper.invokeMethod(MethodInvocationHelper.java:85)
	at org.testng.internal.Invoker.invokeConfigurationMethod(Invoker.java:510)
	at org.testng.internal.Invoker.invokeConfigurations(Invoker.java:211)
	at org.testng.internal.Invoker.invokeMethod(Invoker.java:703)
	at org.testng.internal.Invoker.invokeTestMethod(Invoker.java:816)
	at org.testng.internal.Invoker.invokeTestMethods(Invoker.java:1124)
	at org.testng.internal.TestMethodWorker.invokeTestMethods(TestMethodWorker.java:124)
	at org.testng.internal.TestMethodWorker.run(TestMethodWorker.java:108)
	at org.testng.TestRunner.privateRun(TestRunner.java:773)
	at org.testng.TestRunner.run(TestRunner.java:623)
	at org.testng.SuiteRunner.runTest(SuiteRunner.java:359)
	at org.testng.SuiteRunner.runSequentially(SuiteRunner.java:354)
	at org.testng.SuiteRunner.privateRun(SuiteRunner.java:312)
	at org.testng.SuiteRunner.run(SuiteRunner.java:261)
	at org.testng.SuiteRunnerWorker.runSuite(SuiteRunnerWorker.java:52)
	at org.testng.SuiteRunnerWorker.run(SuiteRunnerWorker.java:86)
	at org.testng.TestNG.runSuitesSequentially(TestNG.java:1185)
	at org.testng.TestNG.runSuitesLocally(TestNG.java:1110)
	at org.testng.TestNG.run(TestNG.java:1018)
	at org.testng.remote.RemoteTestNG.run(RemoteTestNG.java:112)
	at org.testng.remote.RemoteTestNG.initAndRun(RemoteTestNG.java:205)
	at org.testng.remote.RemoteTestNG.main(RemoteTestNG.java:176)
</pre></div></td>
<td>0</td>
<td>FrameworkTestCases.TC002@7d417077</td></tr>
</table><p>
<table width='100%' border='1' class='invocation-skipped'>
<tr><td colspan='4' align='center'><b>SKIPPED TESTS</b></td></tr>
<tr><td><b>Test method</b></td>
<td width="30%"><b>Exception</b></td>
<td width="10%"><b>Time (seconds)</b></td>
<td><b>Instance</b></td>
</tr>
<tr>
<td title='FrameworkTestCases.TC002.testAllAdressBar()'><b>testAllAdressBar</b><br>Test class: FrameworkTestCases.TC002<br>Parameters: TC002, Learning Advanced Selenium, firefox, http://automationpractice.com</td>
<td></td>
<td>0</td>
<td>FrameworkTestCases.TC002@7d417077</td></tr>
</table><p>
</body>
</html>